
Showing logs for build [32mcb-kubecd-environment-pr-23-12-jmvxf-1[0m stage [32mfrom-build-pack[0m and container [32mstep-credential-initializer-qzgkm[0m
{"level":"warn","ts":1568902347.1480522,"logger":"fallback-logger","caller":"logging/config.go:69","msg":"Fetch GitHub commit ID from kodata failed: \"ref: refs/heads/master\" is not a valid GitHub commit ID"}
{"level":"info","ts":1568902347.152039,"logger":"fallback-logger","caller":"creds-init/main.go:40","msg":"Credentials initialized."}

Showing logs for build [32mcb-kubecd-environment-pr-23-12-jmvxf-1[0m stage [32mfrom-build-pack[0m and container [32mstep-working-dir-initializer-k7bjh[0m
{"level":"warn","ts":1568902348.140657,"logger":"fallback-logger","caller":"logging/config.go:69","msg":"Fetch GitHub commit ID from kodata failed: open /var/run/ko/HEAD: no such file or directory"}
{"level":"info","ts":1568902348.2937176,"logger":"fallback-logger","caller":"bash/main.go:65","msg":"Successfully executed command \"mkdir -p /workspace/source /workspace/source/env\""}

Showing logs for build [32mcb-kubecd-environment-pr-23-12-jmvxf-1[0m stage [32mfrom-build-pack[0m and container [32mstep-place-tools[0m

Showing logs for build [32mcb-kubecd-environment-pr-23-12-jmvxf-1[0m stage [32mfrom-build-pack[0m and container [32mstep-git-source-cb-kubecd-environment-pr-23-12-p7rlz[0m
{"level":"warn","ts":1568902352.090592,"logger":"fallback-logger","caller":"logging/config.go:69","msg":"Fetch GitHub commit ID from kodata failed: \"ref: refs/heads/master\" is not a valid GitHub commit ID"}
{"level":"info","ts":1568902353.401331,"logger":"fallback-logger","caller":"git/git.go:102","msg":"Successfully cloned https://github.com/cb-kubecd/environment-pr-23-12-boot-local-staging.git @ 6d1f2a7623050f1435a9825b6afa5217fd878ea6 in path /workspace/source"}

Showing logs for build [32mcb-kubecd-environment-pr-23-12-jmvxf-1[0m stage [32mfrom-build-pack[0m and container [32mstep-git-merge[0m
Using SHAs from PULL_REFS=master:4c1d2cbad437717f0d3da0bddbc83f7f2f6f0c1d,3:6d1f2a7623050f1435a9825b6afa5217fd878ea6
DEBUG: ran git fetch --unshallow origin 6d1f2a7623050f1435a9825b6afa5217fd878ea6: 4c1d2cbad437717f0d3da0bddbc83f7f2f6f0c1d: in 
DEBUG: ran git checkout master in 
DEBUG: ran git reset --hard 4c1d2cbad437717f0d3da0bddbc83f7f2f6f0c1d in 
DEBUG: ran clean --force -d . in 
DEBUG: ran git merge 6d1f2a7623050f1435a9825b6afa5217fd878ea6 in 
Merged SHA 6d1f2a7623050f1435a9825b6afa5217fd878ea6 with commit message 'chore: Promote bdd-nh-1568901731 to version 0.0.1' into base branch master

Showing logs for build [32mcb-kubecd-environment-pr-23-12-jmvxf-1[0m stage [32mfrom-build-pack[0m and container [32mstep-build-helm-build[0m
WARNING: No $CHART_REPOSITORY defined so using the default value of: http://jenkins-x-chartmuseum:8080
Adding missing Helm repo: storage.googleapis.com https://storage.googleapis.com/chartmuseum.jenkins-x.io
Read credentials for https://storage.googleapis.com/chartmuseum.jenkins-x.io from vault helm/repos
Successfully added Helm repository storage.googleapis.com.
Adding missing Helm repo: jenkins-x-chartmuseum http://jenkins-x-chartmuseum:8080
Read credentials for http://jenkins-x-chartmuseum:8080 from vault helm/repos
Successfully added Helm repository jenkins-x-chartmuseum.
WARNING: No $CHART_REPOSITORY defined so using the default value of: http://jenkins-x-chartmuseum:8080
Adding missing Helm repo: chartmuseum.jenkins-x.io http://chartmuseum.jenkins-x.io
Read credentials for http://chartmuseum.jenkins-x.io from vault helm/repos
Successfully added Helm repository chartmuseum.jenkins-x.io.
