
Showing logs for build [32mcb-kubecd-environment-pr-23-12-1[0m stage [32mfrom-build-pack[0m and container [32mstep-credential-initializer-v82s5[0m
{"level":"warn","ts":1568900981.5169928,"logger":"fallback-logger","caller":"logging/config.go:69","msg":"Fetch GitHub commit ID from kodata failed: \"ref: refs/heads/master\" is not a valid GitHub commit ID"}
{"level":"info","ts":1568900981.518093,"logger":"fallback-logger","caller":"creds-init/main.go:40","msg":"Credentials initialized."}

Showing logs for build [32mcb-kubecd-environment-pr-23-12-1[0m stage [32mfrom-build-pack[0m and container [32mstep-working-dir-initializer-xsxxp[0m
{"level":"warn","ts":1568900982.5477786,"logger":"fallback-logger","caller":"logging/config.go:69","msg":"Fetch GitHub commit ID from kodata failed: open /var/run/ko/HEAD: no such file or directory"}
{"level":"info","ts":1568900982.549741,"logger":"fallback-logger","caller":"bash/main.go:65","msg":"Successfully executed command \"mkdir -p /workspace/source /workspace/source/env\""}

Showing logs for build [32mcb-kubecd-environment-pr-23-12-1[0m stage [32mfrom-build-pack[0m and container [32mstep-place-tools[0m

Showing logs for build [32mcb-kubecd-environment-pr-23-12-1[0m stage [32mfrom-build-pack[0m and container [32mstep-git-source-cb-kubecd-environment-pr-23-12-9rxmc[0m
{"level":"warn","ts":1568901041.6950815,"logger":"fallback-logger","caller":"logging/config.go:69","msg":"Fetch GitHub commit ID from kodata failed: \"ref: refs/heads/master\" is not a valid GitHub commit ID"}
{"level":"info","ts":1568901042.755885,"logger":"fallback-logger","caller":"git/git.go:102","msg":"Successfully cloned https://github.com/cb-kubecd/environment-pr-23-12-boot-local-staging.git @ 56ef3b3bfc943035c8dffce49c60af549664f939 in path /workspace/source"}

Showing logs for build [32mcb-kubecd-environment-pr-23-12-1[0m stage [32mfrom-build-pack[0m and container [32mstep-git-merge[0m
Using SHAs from PULL_REFS=master:6c31602700cff8c4f6887864b1bfdd797c4e125a,1:56ef3b3bfc943035c8dffce49c60af549664f939
DEBUG: ran git fetch --unshallow origin 56ef3b3bfc943035c8dffce49c60af549664f939: 6c31602700cff8c4f6887864b1bfdd797c4e125a: in 
DEBUG: ran git checkout master in 
DEBUG: ran git reset --hard 6c31602700cff8c4f6887864b1bfdd797c4e125a in 
DEBUG: ran clean --force -d . in 
DEBUG: ran git merge 56ef3b3bfc943035c8dffce49c60af549664f939 in 
Merged SHA 56ef3b3bfc943035c8dffce49c60af549664f939 with commit message 'chore: Promote bdd-spring-1568900704 to version 0.0.1' into base branch master

Showing logs for build [32mcb-kubecd-environment-pr-23-12-1[0m stage [32mfrom-build-pack[0m and container [32mstep-build-helm-build[0m
WARNING: No $CHART_REPOSITORY defined so using the default value of: http://jenkins-x-chartmuseum:8080
Adding missing Helm repo: storage.googleapis.com https://storage.googleapis.com/chartmuseum.jenkins-x.io
Read credentials for https://storage.googleapis.com/chartmuseum.jenkins-x.io from vault helm/repos
Successfully added Helm repository storage.googleapis.com.
Adding missing Helm repo: jenkins-x-chartmuseum http://jenkins-x-chartmuseum:8080
Read credentials for http://jenkins-x-chartmuseum:8080 from vault helm/repos
Successfully added Helm repository jenkins-x-chartmuseum.
WARNING: No $CHART_REPOSITORY defined so using the default value of: http://jenkins-x-chartmuseum:8080
Adding missing Helm repo: chartmuseum.jenkins-x.io http://chartmuseum.jenkins-x.io
Read credentials for http://chartmuseum.jenkins-x.io from vault helm/repos
Successfully added Helm repository chartmuseum.jenkins-x.io.
